0 info it worked if it ends with ok
1 verbose cli [ 'C:\\Program Files\\nodejs\\node.exe',
1 verbose cli   'C:\\Program Files\\nodejs\\node_modules\\npm\\bin\\npm-cli.js',
1 verbose cli   'run',
1 verbose cli   'back-end' ]
2 info using npm@3.10.3
3 info using node@v6.5.0
4 verbose run-script [ 'preback-end', 'back-end', 'postback-end' ]
5 info lifecycle ReelPals@1.0.0~preback-end: ReelPals@1.0.0
6 silly lifecycle ReelPals@1.0.0~preback-end: no script for preback-end, continuing
7 info lifecycle ReelPals@1.0.0~back-end: ReelPals@1.0.0
8 verbose lifecycle ReelPals@1.0.0~back-end: unsafe-perm in lifecycle true
9 verbose lifecycle ReelPals@1.0.0~back-end: PATH: C:\Program Files\nodejs\node_modules\npm\bin\node-gyp-bin;C:\Users\Arya\TheMovieApp\node_modules\.bin;C:\Program Files\nodejs;C:\ProgramData\Oracle\Java\javapath;C:\WINDOWS\system32;C:\WINDOWS;C:\WINDOWS\System32\Wbem;C:\WINDOWS\System32\WindowsPowerShell\v1.0\;C:\Program Files (x86)\Skype\Phone\;C:\Program Files\Git\cmd;C:\Program Files (x86)\cURL\bin;C:\Program Files\nodejs\;C:\Program Files (x86)\Heroku\bin;C:\Program Files (x86)\git\cmd;C:\Program Files (x86)\Git\cmd;C:\Program Files\MySQL\MySQL Server 5.7\bin;C:\Users\Arya\AppData\Roaming\npm;C:\Program Files\MongoDB\Server\3.2\bin;C:\Program Files\PostgreSQL\9.6\bin
10 verbose lifecycle ReelPals@1.0.0~back-end: CWD: C:\Users\Arya\TheMovieApp
11 silly lifecycle ReelPals@1.0.0~back-end: Args: [ '/d /s /c', 'nodemon server.js' ]
12 silly lifecycle ReelPals@1.0.0~back-end: Returned: code: 1  signal: null
13 info lifecycle ReelPals@1.0.0~back-end: Failed to exec back-end script
14 verbose stack Error: ReelPals@1.0.0 back-end: `nodemon server.js`
14 verbose stack Exit status 1
14 verbose stack     at EventEmitter.<anonymous> (C:\Program Files\nodejs\node_modules\npm\lib\utils\lifecycle.js:242:16)
14 verbose stack     at emitTwo (events.js:106:13)
14 verbose stack     at EventEmitter.emit (events.js:191:7)
14 verbose stack     at ChildProcess.<anonymous> (C:\Program Files\nodejs\node_modules\npm\lib\utils\spawn.js:40:14)
14 verbose stack     at emitTwo (events.js:106:13)
14 verbose stack     at ChildProcess.emit (events.js:191:7)
14 verbose stack     at maybeClose (internal/child_process.js:877:16)
14 verbose stack     at Process.ChildProcess._handle.onexit (internal/child_process.js:226:5)
15 verbose pkgid ReelPals@1.0.0
16 verbose cwd C:\Users\Arya\TheMovieApp
17 error Windows_NT 10.0.10586
18 error argv "C:\\Program Files\\nodejs\\node.exe" "C:\\Program Files\\nodejs\\node_modules\\npm\\bin\\npm-cli.js" "run" "back-end"
19 error node v6.5.0
20 error npm  v3.10.3
21 error code ELIFECYCLE
22 error ReelPals@1.0.0 back-end: `nodemon server.js`
22 error Exit status 1
23 error Failed at the ReelPals@1.0.0 back-end script 'nodemon server.js'.
23 error Make sure you have the latest version of node.js and npm installed.
23 error If you do, this is most likely a problem with the ReelPals package,
23 error not with npm itself.
23 error Tell the author that this fails on your system:
23 error     nodemon server.js
23 error You can get information on how to open an issue for this project with:
23 error     npm bugs ReelPals
23 error Or if that isn't available, you can get their info via:
23 error     npm owner ls ReelPals
23 error There is likely additional logging output above.
24 verbose exit [ 1, true ]
